{"level":"error","time":"2025-08-21T00:16:32.984Z","pid":754899,"hostname":"chato-app","component":"generation","timestamp":"2025-08-21T00:16:32.984Z","message":"Bing sitemap ping failed","level":"error","critical":true,"sitemapUrl":"https://vivaverse.top/api/sitemap.xml","error":"Request failed with status code 410","code":"ERR_BAD_REQUEST","status":410}
{"level":"error","time":"2025-08-21T00:16:32.985Z","pid":754899,"hostname":"chato-app","message":"Stopping generation process due to critical error","timestamp":"2025-08-21T00:16:32.985Z"}
{"level":"error","time":"2025-08-21T00:16:33.006Z","pid":754899,"hostname":"chato-app","component":"generation","timestamp":"2025-08-21T00:16:33.006Z","message":"Google sitemap ping failed","level":"error","critical":true,"sitemapUrl":"https://vivaverse.top/api/sitemap.xml","error":"Request failed with status code 404","code":"ERR_BAD_REQUEST","status":404}
{"level":"error","time":"2025-08-21T00:16:33.006Z","pid":754899,"hostname":"chato-app","message":"Stopping generation process due to critical error","timestamp":"2025-08-21T00:16:33.006Z"}
{"level":"error","time":"2025-08-21T00:16:33.593Z","pid":754899,"hostname":"chato-app","component":"generation","timestamp":"2025-08-21T00:16:33.593Z","message":"WebSub hub notification failed","level":"error","critical":true,"hubUrl":"https://websub.rocks/hub","feedCount":1,"error":"Request failed with status code 405","code":"ERR_BAD_REQUEST","status":405}
{"level":"error","time":"2025-08-21T00:16:33.593Z","pid":754899,"hostname":"chato-app","message":"Stopping generation process due to critical error","timestamp":"2025-08-21T00:16:33.593Z"}
{"level":"error","time":"2025-08-21T00:18:41.252Z","pid":754899,"hostname":"chato-app","component":"generation","timestamp":"2025-08-21T00:18:41.252Z","message":"Bing sitemap ping failed","level":"error","critical":true,"sitemapUrl":"https://vivaverse.top/api/sitemap.xml","error":"Request failed with status code 410","code":"ERR_BAD_REQUEST","status":410}
{"level":"error","time":"2025-08-21T00:18:41.253Z","pid":754899,"hostname":"chato-app","message":"Stopping generation process due to critical error","timestamp":"2025-08-21T00:18:41.253Z"}
{"level":"error","time":"2025-08-21T00:18:41.282Z","pid":754899,"hostname":"chato-app","component":"generation","timestamp":"2025-08-21T00:18:41.282Z","message":"Google sitemap ping failed","level":"error","critical":true,"sitemapUrl":"https://vivaverse.top/api/sitemap.xml","error":"Request failed with status code 404","code":"ERR_BAD_REQUEST","status":404}
{"level":"error","time":"2025-08-21T00:18:41.282Z","pid":754899,"hostname":"chato-app","message":"Stopping generation process due to critical error","timestamp":"2025-08-21T00:18:41.282Z"}
{"level":"error","time":"2025-08-21T00:18:41.850Z","pid":754899,"hostname":"chato-app","component":"generation","timestamp":"2025-08-21T00:18:41.850Z","message":"WebSub hub notification failed","level":"error","critical":true,"hubUrl":"https://websub.rocks/hub","feedCount":1,"error":"Request failed with status code 405","code":"ERR_BAD_REQUEST","status":405}
{"level":"error","time":"2025-08-21T00:18:41.851Z","pid":754899,"hostname":"chato-app","message":"Stopping generation process due to critical error","timestamp":"2025-08-21T00:18:41.851Z"}
{"level":"error","time":"2025-08-21T00:20:30.461Z","pid":754899,"hostname":"chato-app","component":"generation","timestamp":"2025-08-21T00:20:30.461Z","message":"Bing sitemap ping failed","level":"error","critical":true,"sitemapUrl":"https://vivaverse.top/api/sitemap.xml","error":"Request failed with status code 410","code":"ERR_BAD_REQUEST","status":410}
{"level":"error","time":"2025-08-21T00:20:30.461Z","pid":754899,"hostname":"chato-app","message":"Stopping generation process due to critical error","timestamp":"2025-08-21T00:20:30.461Z"}
{"level":"error","time":"2025-08-21T00:20:30.492Z","pid":754899,"hostname":"chato-app","component":"generation","timestamp":"2025-08-21T00:20:30.492Z","message":"Google sitemap ping failed","level":"error","critical":true,"sitemapUrl":"https://vivaverse.top/api/sitemap.xml","error":"Request failed with status code 404","code":"ERR_BAD_REQUEST","status":404}
{"level":"error","time":"2025-08-21T00:20:30.492Z","pid":754899,"hostname":"chato-app","message":"Stopping generation process due to critical error","timestamp":"2025-08-21T00:20:30.492Z"}
{"level":"error","time":"2025-08-21T00:20:31.179Z","pid":754899,"hostname":"chato-app","component":"generation","timestamp":"2025-08-21T00:20:31.179Z","message":"WebSub hub notification failed","level":"error","critical":true,"hubUrl":"https://websub.rocks/hub","feedCount":1,"error":"Request failed with status code 405","code":"ERR_BAD_REQUEST","status":405}
{"level":"error","time":"2025-08-21T00:20:31.179Z","pid":754899,"hostname":"chato-app","message":"Stopping generation process due to critical error","timestamp":"2025-08-21T00:20:31.179Z"}
{"level":"error","time":"2025-08-21T00:21:53.876Z","pid":755796,"hostname":"chato-app","component":"generation","timestamp":"2025-08-21T00:21:53.876Z","message":"Bing sitemap ping failed","level":"error","critical":true,"sitemapUrl":"https://vivaverse.top/api/sitemap.xml","error":"Request failed with status code 410","code":"ERR_BAD_REQUEST","status":410}
{"level":"error","time":"2025-08-21T00:21:53.876Z","pid":755796,"hostname":"chato-app","message":"Stopping generation process due to critical error","timestamp":"2025-08-21T00:21:53.876Z"}
{"level":"error","time":"2025-08-21T00:21:53.899Z","pid":755796,"hostname":"chato-app","component":"generation","timestamp":"2025-08-21T00:21:53.899Z","message":"Google sitemap ping failed","level":"error","critical":true,"sitemapUrl":"https://vivaverse.top/api/sitemap.xml","error":"Request failed with status code 404","code":"ERR_BAD_REQUEST","status":404}
{"level":"error","time":"2025-08-21T00:21:53.899Z","pid":755796,"hostname":"chato-app","message":"Stopping generation process due to critical error","timestamp":"2025-08-21T00:21:53.899Z"}
{"level":"error","time":"2025-08-21T00:21:54.029Z","pid":755796,"hostname":"chato-app","component":"generation","timestamp":"2025-08-21T00:21:54.029Z","message":"IndexNow submission failed","level":"error","critical":true,"urlCount":31,"error":"Request failed with status code 403","code":"ERR_BAD_REQUEST","status":403}
{"level":"error","time":"2025-08-21T00:21:54.029Z","pid":755796,"hostname":"chato-app","message":"Stopping generation process due to critical error","timestamp":"2025-08-21T00:21:54.029Z"}
{"level":"error","time":"2025-08-21T00:21:54.030Z","pid":755796,"hostname":"chato-app","component":"generation","timestamp":"2025-08-21T00:21:54.030Z","message":"Failed to submit RSS feeds to IndexNow","level":"error","critical":true,"error":"Generation stopped: IndexNow submission failed","feedCount":31,"category":"all"}
{"level":"error","time":"2025-08-21T00:21:54.030Z","pid":755796,"hostname":"chato-app","message":"Stopping generation process due to critical error","timestamp":"2025-08-21T00:21:54.030Z"}
{"level":"error","time":"2025-08-21T00:21:54.119Z","pid":755796,"hostname":"chato-app","component":"generation","timestamp":"2025-08-21T00:21:54.119Z","message":"IndexNow submission failed","level":"error","critical":true,"urlCount":1,"error":"Request failed with status code 403","code":"ERR_BAD_REQUEST","status":403}
{"level":"error","time":"2025-08-21T00:21:54.119Z","pid":755796,"hostname":"chato-app","message":"Stopping generation process due to critical error","timestamp":"2025-08-21T00:21:54.119Z"}
{"level":"error","time":"2025-08-21T00:21:54.475Z","pid":755796,"hostname":"chato-app","component":"generation","timestamp":"2025-08-21T00:21:54.475Z","message":"WebSub hub notification failed","level":"error","critical":true,"hubUrl":"https://websub.rocks/hub","feedCount":1,"error":"Request failed with status code 405","code":"ERR_BAD_REQUEST","status":405}
{"level":"error","time":"2025-08-21T00:21:54.475Z","pid":755796,"hostname":"chato-app","message":"Stopping generation process due to critical error","timestamp":"2025-08-21T00:21:54.475Z"}
